nohup: ignoring input
Fail to get yarn configuration. internal/modules/cjs/loader.js:638
    throw err;
    ^

Error: Cannot find module 'worker_threads'
    at Function.Module._resolveFilename (internal/modules/cjs/loader.js:636:15)
    at Function.Module._load (internal/modules/cjs/loader.js:562:25)
    at Module.require (internal/modules/cjs/loader.js:692:17)
    at require (internal/modules/cjs/helpers.js:25:18)
    at /home/trf553/.conda/envs/myenv/lib/python3.10/site-packages/jupyterlab/staging/yarn.js:423:2576
    at Object.<anonymous> (/home/trf553/.conda/envs/myenv/lib/python3.10/site-packages/jupyterlab/staging/yarn.js:743:8770)
    at Module._compile (internal/modules/cjs/loader.js:778:30)
    at Object.Module._extensions..js (internal/modules/cjs/loader.js:789:10)
    at Module.load (internal/modules/cjs/loader.js:653:32)
    at tryModuleLoad (internal/modules/cjs/loader.js:593:12)

[I 2026-02-18 19:48:40.829 ServerApp] jupyter_lsp | extension was successfully linked.
[I 2026-02-18 19:48:40.833 ServerApp] jupyter_server_terminals | extension was successfully linked.
[I 2026-02-18 19:48:40.838 ServerApp] jupyterlab | extension was successfully linked.
[I 2026-02-18 19:48:41.133 ServerApp] notebook_shim | extension was successfully linked.
[I 2026-02-18 19:48:41.153 ServerApp] notebook_shim | extension was successfully loaded.
[I 2026-02-18 19:48:41.155 ServerApp] jupyter_lsp | extension was successfully loaded.
[I 2026-02-18 19:48:41.156 ServerApp] jupyter_server_terminals | extension was successfully loaded.
[I 2026-02-18 19:48:41.159 LabApp] JupyterLab extension loaded from /home/trf553/.conda/envs/myenv/lib/python3.10/site-packages/jupyterlab
[I 2026-02-18 19:48:41.159 LabApp] JupyterLab application directory is /home/trf553/.conda/envs/myenv/share/jupyter/lab
[I 2026-02-18 19:48:41.159 LabApp] Extension Manager is 'pypi'.
[I 2026-02-18 19:48:41.212 ServerApp] jupyterlab | extension was successfully loaded.
[I 2026-02-18 19:48:41.212 ServerApp] Serving notebooks from local directory: /work/trf553/spring2026-CRISPR/Computational-Biology-JHU
[I 2026-02-18 19:48:41.212 ServerApp] Jupyter Server 2.16.0 is running at:
[I 2026-02-18 19:48:41.212 ServerApp] http://127.0.0.1:8888/lab?token=e873335050cbc8a81113cb194426d2394e48cb81d8b78c98
[I 2026-02-18 19:48:41.212 ServerApp] Use Control-C to stop this server and shut down all kernels (twice to skip confirmation).
[C 2026-02-18 19:48:41.218 ServerApp] 
    
    To access the server, open this file in a browser:
        file:///home/trf553/.local/share/jupyter/runtime/jpserver-1320460-open.html
    Or copy and paste one of these URLs:
        http://127.0.0.1:8888/lab?token=e873335050cbc8a81113cb194426d2394e48cb81d8b78c98
[I 2026-02-18 19:48:41.402 ServerApp] Skipped non-installed server(s): bash-language-server, dockerfile-language-server-nodejs, javascript-typescript-langserver, jedi-language-server, julia-language-server, pyright, python-language-server, python-lsp-server, r-languageserver, sql-language-server, texlab, typescript-language-server, unified-language-server, vscode-css-languageserver-bin, vscode-html-languageserver-bin, vscode-json-languageserver-bin, yaml-language-server
